<?xml version="1.0" encoding="UTF-8"?>
<testsuite xmlns:xsi="http://www.w3.org/2001/XMLSchema-instance" xsi:noNamespaceSchemaLocation="https://maven.apache.org/surefire/maven-surefire-plugin/xsd/surefire-test-report.xsd" name="Server.GameTest" time="0.048" tests="5" errors="0" skipped="0" failures="0">
  <properties>
[...]
</properties>
  <testcase name="checkAnswerSetScore2_SetScoreForCorrectAnswer_CorrectScoreIsSet" classname="Server.GameTest" time="0.03"/>
  <testcase name="checkAnswerSetScore_SetScoreForCorrectAnswer_CorrectScoreIsSet" classname="Server.GameTest" time="0"/>
  <testcase name="checkAnswerSetScore5_SetScoreForCorrectAnswer_CorrectScoreIsSet" classname="Server.GameTest" time="0.001"/>
  <testcase name="checkAnswerSetScore4_SetScoreForCorrectAnswer_CorrectScoreIsSet" classname="Server.GameTest" time="0.001"/>
  <testcase name="checkAnswerSetScore3_SetScoreForCorrectAnswer_CorrectScoreIsSet" classname="Server.GameTest" time="0.001"/>
</testsuite>